{"total": {"lines":{"total":1214,"covered":936,"skipped":0,"pct":77.1},"statements":{"total":1371,"covered":1028,"skipped":0,"pct":74.98},"functions":{"total":441,"covered":375,"skipped":0,"pct":85.03},"branches":{"total":797,"covered":485,"skipped":0,"pct":60.85},"branchesTrue":{"total":0,"covered":0,"skipped":0,"pct":100}}
,"/Users/pollochen/MyProjects/ArcReel/.claude/worktrees/issue-739-episode-title-overview/frontend/src/api.ts": {"lines":{"total":360,"covered":263,"skipped":0,"pct":73.05},"functions":{"total":151,"covered":142,"skipped":0,"pct":94.03},"statements":{"total":398,"covered":290,"skipped":0,"pct":72.86},"branches":{"total":239,"covered":144,"skipped":0,"pct":60.25}}
,"/Users/pollochen/MyProjects/ArcReel/.claude/worktrees/issue-739-episode-title-overview/frontend/src/router.tsx": {"lines":{"total":49,"covered":48,"skipped":0,"pct":97.95},"functions":{"total":14,"covered":14,"skipped":0,"pct":100},"statements":{"total":56,"covered":53,"skipped":0,"pct":94.64},"branches":{"total":26,"covered":18,"skipped":0,"pct":69.23}}
,"/Users/pollochen/MyProjects/ArcReel/.claude/worktrees/issue-739-episode-title-overview/frontend/src/components/canvas/StudioCanvasRouter.tsx": {"lines":{"total":202,"covered":150,"skipped":0,"pct":74.25},"functions":{"total":44,"covered":35,"skipped":0,"pct":79.54},"statements":{"total":228,"covered":155,"skipped":0,"pct":67.98},"branches":{"total":135,"covered":61,"skipped":0,"pct":45.18}}
,"/Users/pollochen/MyProjects/ArcReel/.claude/worktrees/issue-739-episode-title-overview/frontend/src/components/pages/ProjectsPage.tsx": {"lines":{"total":263,"covered":206,"skipped":0,"pct":78.32},"functions":{"total":74,"covered":53,"skipped":0,"pct":71.62},"statements":{"total":294,"covered":225,"skipped":0,"pct":76.53},"branches":{"total":234,"covered":155,"skipped":0,"pct":66.23}}
,"/Users/pollochen/MyProjects/ArcReel/.claude/worktrees/issue-739-episode-title-overview/frontend/src/hooks/useScrollTarget.ts": {"lines":{"total":65,"covered":56,"skipped":0,"pct":86.15},"functions":{"total":10,"covered":10,"skipped":0,"pct":100},"statements":{"total":71,"covered":60,"skipped":0,"pct":84.5},"branches":{"total":36,"covered":27,"skipped":0,"pct":75}}
,"/Users/pollochen/MyProjects/ArcReel/.claude/worktrees/issue-739-episode-title-overview/frontend/src/hooks/useTasksSSE.ts": {"lines":{"total":22,"covered":22,"skipped":0,"pct":100},"functions":{"total":5,"covered":5,"skipped":0,"pct":100},"statements":{"total":25,"covered":23,"skipped":0,"pct":92},"branches":{"total":12,"covered":6,"skipped":0,"pct":50}}
,"/Users/pollochen/MyProjects/ArcReel/.claude/worktrees/issue-739-episode-title-overview/frontend/src/stores/app-store.ts": {"lines":{"total":57,"covered":41,"skipped":0,"pct":71.92},"functions":{"total":40,"covered":32,"skipped":0,"pct":80},"statements":{"total":72,"covered":50,"skipped":0,"pct":69.44},"branches":{"total":46,"covered":32,"skipped":0,"pct":69.56}}
,"/Users/pollochen/MyProjects/ArcReel/.claude/worktrees/issue-739-episode-title-overview/frontend/src/stores/assets-store.ts": {"lines":{"total":9,"covered":6,"skipped":0,"pct":66.66},"functions":{"total":11,"covered":6,"skipped":0,"pct":54.54},"statements":{"total":14,"covered":9,"skipped":0,"pct":64.28},"branches":{"total":2,"covered":0,"skipped":0,"pct":0}}
,"/Users/pollochen/MyProjects/ArcReel/.claude/worktrees/issue-739-episode-title-overview/frontend/src/stores/assistant-store.ts": {"lines":{"total":19,"covered":19,"skipped":0,"pct":100},"functions":{"total":19,"covered":19,"skipped":0,"pct":100},"statements":{"total":20,"covered":20,"skipped":0,"pct":100},"branches":{"total":0,"covered":0,"skipped":0,"pct":100}}
,"/Users/pollochen/MyProjects/ArcReel/.claude/worktrees/issue-739-episode-title-overview/frontend/src/stores/auth-store.ts": {"lines":{"total":23,"covered":3,"skipped":0,"pct":13.04},"functions":{"total":9,"covered":2,"skipped":0,"pct":22.22},"statements":{"total":26,"covered":4,"skipped":0,"pct":15.38},"branches":{"total":11,"covered":0,"skipped":0,"pct":0}}
,"/Users/pollochen/MyProjects/ArcReel/.claude/worktrees/issue-739-episode-title-overview/frontend/src/stores/config-status-store.ts": {"lines":{"total":41,"covered":39,"skipped":0,"pct":95.12},"functions":{"total":11,"covered":9,"skipped":0,"pct":81.81},"statements":{"total":46,"covered":43,"skipped":0,"pct":93.47},"branches":{"total":22,"covered":19,"skipped":0,"pct":86.36}}
,"/Users/pollochen/MyProjects/ArcReel/.claude/worktrees/issue-739-episode-title-overview/frontend/src/stores/cost-store.ts": {"lines":{"total":27,"covered":6,"skipped":0,"pct":22.22},"functions":{"total":8,"covered":3,"skipped":0,"pct":37.5},"statements":{"total":32,"covered":8,"skipped":0,"pct":25},"branches":{"total":8,"covered":2,"skipped":0,"pct":25}}
,"/Users/pollochen/MyProjects/ArcReel/.claude/worktrees/issue-739-episode-title-overview/frontend/src/stores/endpoint-catalog-store.ts": {"lines":{"total":19,"covered":19,"skipped":0,"pct":100},"functions":{"total":4,"covered":4,"skipped":0,"pct":100},"statements":{"total":22,"covered":21,"skipped":0,"pct":95.45},"branches":{"total":8,"covered":7,"skipped":0,"pct":87.5}}
,"/Users/pollochen/MyProjects/ArcReel/.claude/worktrees/issue-739-episode-title-overview/frontend/src/stores/index.ts": {"lines":{"total":0,"covered":0,"skipped":0,"pct":100},"functions":{"total":0,"covered":0,"skipped":0,"pct":100},"statements":{"total":0,"covered":0,"skipped":0,"pct":100},"branches":{"total":0,"covered":0,"skipped":0,"pct":100}}
,"/Users/pollochen/MyProjects/ArcReel/.claude/worktrees/issue-739-episode-title-overview/frontend/src/stores/projects-store.ts": {"lines":{"total":9,"covered":9,"skipped":0,"pct":100},"functions":{"total":11,"covered":11,"skipped":0,"pct":100},"statements":{"total":12,"covered":12,"skipped":0,"pct":100},"branches":{"total":6,"covered":6,"skipped":0,"pct":100}}
,"/Users/pollochen/MyProjects/ArcReel/.claude/worktrees/issue-739-episode-title-overview/frontend/src/stores/reference-video-store.ts": {"lines":{"total":30,"covered":30,"skipped":0,"pct":100},"functions":{"total":16,"covered":16,"skipped":0,"pct":100},"statements":{"total":33,"covered":33,"skipped":0,"pct":100},"branches":{"total":10,"covered":6,"skipped":0,"pct":60}}
,"/Users/pollochen/MyProjects/ArcReel/.claude/worktrees/issue-739-episode-title-overview/frontend/src/stores/tasks-store.ts": {"lines":{"total":12,"covered":12,"skipped":0,"pct":100},"functions":{"total":7,"covered":7,"skipped":0,"pct":100},"statements":{"total":14,"covered":14,"skipped":0,"pct":100},"branches":{"total":2,"covered":2,"skipped":0,"pct":100}}
,"/Users/pollochen/MyProjects/ArcReel/.claude/worktrees/issue-739-episode-title-overview/frontend/src/stores/usage-store.ts": {"lines":{"total":7,"covered":7,"skipped":0,"pct":100},"functions":{"total":7,"covered":7,"skipped":0,"pct":100},"statements":{"total":8,"covered":8,"skipped":0,"pct":100},"branches":{"total":0,"covered":0,"skipped":0,"pct":100}}
}
