TN:
SF:src/api.ts
FN:81,(anonymous_0)
FN:213,normalizeDiagnosticsBucket
FN:218,(anonymous_2)
FN:225,(anonymous_3)
FN:232,normalizeImportFailureDiagnostics
FN:241,normalizeExportDiagnostics
FN:258,throwIfNotOk
FN:263,(anonymous_7)
FN:269,handleUnauthorized
FN:283,withAuth
FN:295,withAuthQuery
FN:306,(anonymous_11)
FN:323,(anonymous_12)
FN:328,(anonymous_13)
FN:341,(anonymous_14)
FN:345,(anonymous_15)
FN:349,(anonymous_16)
FN:362,(anonymous_17)
FN:374,(anonymous_18)
FN:378,(anonymous_19)
FN:387,(anonymous_20)
FN:397,(anonymous_21)
FN:410,(anonymous_22)
FN:417,(anonymous_23)
FN:431,(anonymous_24)
FN:452,(anonymous_25)
FN:461,(anonymous_26)
FN:471,(anonymous_27)
FN:492,(anonymous_28)
FN:526,(anonymous_29)
FN:545,(anonymous_30)
FN:559,(anonymous_31)
FN:573,(anonymous_32)
FN:587,(anonymous_33)
FN:601,(anonymous_34)
FN:615,(anonymous_35)
FN:629,(anonymous_36)
FN:643,(anonymous_37)
FN:657,(anonymous_38)
FN:666,(anonymous_39)
FN:682,(anonymous_40)
FN:699,(anonymous_41)
FN:715,(anonymous_42)
FN:783,(anonymous_43)
FN:801,(anonymous_44)
FN:819,(anonymous_45)
FN:834,(anonymous_46)
FN:854,(anonymous_47)
FN:873,(anonymous_48)
FN:884,(anonymous_49)
FN:900,(anonymous_50)
FN:921,(anonymous_51)
FN:937,(anonymous_52)
FN:951,(anonymous_53)
FN:973,(anonymous_54)
FN:996,(anonymous_55)
FN:1022,(anonymous_56)
FN:1046,(anonymous_57)
FN:1070,(anonymous_58)
FN:1090,(anonymous_59)
FN:1094,(anonymous_60)
FN:1108,(anonymous_61)
FN:1124,(anonymous_62)
FN:1135,(anonymous_63)
FN:1144,(anonymous_64)
FN:1156,(anonymous_65)
FN:1164,(anonymous_66)
FN:1173,(anonymous_67)
FN:1186,(anonymous_68)
FN:1195,(anonymous_69)
FN:1205,(anonymous_70)
FN:1215,(anonymous_71)
FN:1224,(anonymous_72)
FN:1230,(anonymous_73)
FN:1239,(anonymous_74)
FN:1242,(anonymous_75)
FN:1254,(anonymous_76)
FN:1271,(anonymous_77)
FN:1293,(anonymous_78)
FN:1315,(anonymous_79)
FN:1343,(anonymous_80)
FN:1347,(anonymous_81)
FN:1359,(anonymous_82)
FN:1368,(anonymous_83)
FN:1377,(anonymous_84)
FN:1393,(anonymous_85)
FN:1405,(anonymous_86)
FN:1420,(anonymous_87)
FN:1424,(anonymous_88)
FN:1432,(anonymous_89)
FN:1450,(anonymous_90)
FN:1466,(anonymous_91)
FN:1485,(anonymous_92)
FN:1492,(anonymous_93)
FN:1497,(anonymous_94)
FN:1505,(anonymous_95)
FN:1512,(anonymous_96)
FN:1517,(anonymous_97)
FN:1522,(anonymous_98)
FN:1533,(anonymous_99)
FN:1542,(anonymous_100)
FN:1546,(anonymous_101)
FN:1556,(anonymous_102)
FN:1567,(anonymous_103)
FN:1574,(anonymous_104)
FN:1581,(anonymous_105)
FN:1594,(anonymous_106)
FN:1598,(anonymous_107)
FN:1602,(anonymous_108)
FN:1611,(anonymous_109)
FN:1621,(anonymous_110)
FN:1625,(anonymous_111)
FN:1629,(anonymous_112)
FN:1633,(anonymous_113)
FN:1644,(anonymous_114)
FN:1648,(anonymous_115)
FN:1652,(anonymous_116)
FN:1656,(anonymous_117)
FN:1660,(anonymous_118)
FN:1664,(anonymous_119)
FN:1668,(anonymous_120)
FN:1672,(anonymous_121)
FN:1676,(anonymous_122)
FN:1680,(anonymous_123)
FN:1684,(anonymous_124)
FN:1688,(anonymous_125)
FN:1692,(anonymous_126)
FN:1696,(anonymous_127)
FN:1713,(anonymous_128)
FN:1730,(anonymous_129)
FN:1743,(anonymous_130)
FN:1759,(anonymous_131)
FN:1768,(anonymous_132)
FN:1777,(anonymous_133)
FN:1789,(anonymous_134)
FN:1801,(anonymous_135)
FN:1805,(anonymous_136)
FN:1816,(anonymous_137)
FN:1824,(anonymous_138)
FN:1831,(anonymous_139)
FN:1838,(anonymous_140)
FN:1846,(anonymous_141)
FN:1850,(anonymous_142)
FN:1863,(anonymous_143)
FN:1878,(anonymous_144)
FN:1891,(anonymous_145)
FN:1901,(anonymous_146)
FN:1919,(anonymous_147)
FN:1938,(anonymous_148)
FN:1950,(anonymous_149)
FN:1962,(anonymous_150)
FNF:151
FNH:142
FNDA:2,(anonymous_0)
FNDA:8,normalizeDiagnosticsBucket
FNDA:4,(anonymous_2)
FNDA:4,(anonymous_3)
FNDA:2,normalizeImportFailureDiagnostics
FNDA:0,normalizeExportDiagnostics
FNDA:14,throwIfNotOk
FNDA:1,(anonymous_7)
FNDA:11,handleUnauthorized
FNDA:103,withAuth
FNDA:6,withAuthQuery
FNDA:40,(anonymous_11)
FNDA:1,(anonymous_12)
FNDA:0,(anonymous_13)
FNDA:40,(anonymous_14)
FNDA:40,(anonymous_15)
FNDA:40,(anonymous_16)
FNDA:40,(anonymous_17)
FNDA:40,(anonymous_18)
FNDA:40,(anonymous_19)
FNDA:40,(anonymous_20)
FNDA:40,(anonymous_21)
FNDA:40,(anonymous_22)
FNDA:40,(anonymous_23)
FNDA:40,(anonymous_24)
FNDA:40,(anonymous_25)
FNDA:40,(anonymous_26)
FNDA:40,(anonymous_27)
FNDA:0,(anonymous_28)
FNDA:40,(anonymous_29)
FNDA:40,(anonymous_30)
FNDA:40,(anonymous_31)
FNDA:40,(anonymous_32)
FNDA:40,(anonymous_33)
FNDA:40,(anonymous_34)
FNDA:40,(anonymous_35)
FNDA:40,(anonymous_36)
FNDA:40,(anonymous_37)
FNDA:40,(anonymous_38)
FNDA:40,(anonymous_39)
FNDA:40,(anonymous_40)
FNDA:40,(anonymous_41)
FNDA:40,(anonymous_42)
FNDA:40,(anonymous_43)
FNDA:40,(anonymous_44)
FNDA:40,(anonymous_45)
FNDA:40,(anonymous_46)
FNDA:40,(anonymous_47)
FNDA:40,(anonymous_48)
FNDA:40,(anonymous_49)
FNDA:40,(anonymous_50)
FNDA:40,(anonymous_51)
FNDA:40,(anonymous_52)
FNDA:40,(anonymous_53)
FNDA:40,(anonymous_54)
FNDA:40,(anonymous_55)
FNDA:40,(anonymous_56)
FNDA:40,(anonymous_57)
FNDA:40,(anonymous_58)
FNDA:40,(anonymous_59)
FNDA:40,(anonymous_60)
FNDA:40,(anonymous_61)
FNDA:40,(anonymous_62)
FNDA:40,(anonymous_63)
FNDA:40,(anonymous_64)
FNDA:40,(anonymous_65)
FNDA:40,(anonymous_66)
FNDA:40,(anonymous_67)
FNDA:3,(anonymous_68)
FNDA:2,(anonymous_69)
FNDA:1,(anonymous_70)
FNDA:1,(anonymous_71)
FNDA:40,(anonymous_72)
FNDA:0,(anonymous_73)
FNDA:0,(anonymous_74)
FNDA:0,(anonymous_75)
FNDA:0,(anonymous_76)
FNDA:40,(anonymous_77)
FNDA:40,(anonymous_78)
FNDA:40,(anonymous_79)
FNDA:40,(anonymous_80)
FNDA:40,(anonymous_81)
FNDA:40,(anonymous_82)
FNDA:40,(anonymous_83)
FNDA:40,(anonymous_84)
FNDA:40,(anonymous_85)
FNDA:40,(anonymous_86)
FNDA:40,(anonymous_87)
FNDA:40,(anonymous_88)
FNDA:40,(anonymous_89)
FNDA:40,(anonymous_90)
FNDA:40,(anonymous_91)
FNDA:40,(anonymous_92)
FNDA:40,(anonymous_93)
FNDA:40,(anonymous_94)
FNDA:40,(anonymous_95)
FNDA:40,(anonymous_96)
FNDA:40,(anonymous_97)
FNDA:40,(anonymous_98)
FNDA:40,(anonymous_99)
FNDA:40,(anonymous_100)
FNDA:40,(anonymous_101)
FNDA:40,(anonymous_102)
FNDA:40,(anonymous_103)
FNDA:40,(anonymous_104)
FNDA:40,(anonymous_105)
FNDA:40,(anonymous_106)
FNDA:40,(anonymous_107)
FNDA:40,(anonymous_108)
FNDA:40,(anonymous_109)
FNDA:40,(anonymous_110)
FNDA:40,(anonymous_111)
FNDA:40,(anonymous_112)
FNDA:40,(anonymous_113)
FNDA:40,(anonymous_114)
FNDA:40,(anonymous_115)
FNDA:40,(anonymous_116)
FNDA:40,(anonymous_117)
FNDA:40,(anonymous_118)
FNDA:40,(anonymous_119)
FNDA:40,(anonymous_120)
FNDA:40,(anonymous_121)
FNDA:40,(anonymous_122)
FNDA:40,(anonymous_123)
FNDA:40,(anonymous_124)
FNDA:40,(anonymous_125)
FNDA:40,(anonymous_126)
FNDA:40,(anonymous_127)
FNDA:40,(anonymous_128)
FNDA:40,(anonymous_129)
FNDA:40,(anonymous_130)
FNDA:40,(anonymous_131)
FNDA:40,(anonymous_132)
FNDA:40,(anonymous_133)
FNDA:40,(anonymous_134)
FNDA:40,(anonymous_135)
FNDA:40,(anonymous_136)
FNDA:0,(anonymous_137)
FNDA:40,(anonymous_138)
FNDA:40,(anonymous_139)
FNDA:0,(anonymous_140)
FNDA:40,(anonymous_141)
FNDA:40,(anonymous_142)
FNDA:40,(anonymous_143)
FNDA:40,(anonymous_144)
FNDA:40,(anonymous_145)
FNDA:40,(anonymous_146)
FNDA:40,(anonymous_147)
FNDA:40,(anonymous_148)
FNDA:40,(anonymous_149)
FNDA:40,(anonymous_150)
DA:82,2
DA:83,2
DA:86,2
DA:87,2
DA:214,8
DA:215,0
DA:217,8
DA:220,4
DA:225,4
DA:233,2
DA:234,2
DA:242,0
DA:243,0
DA:252,40
DA:259,14
DA:260,4
DA:261,4
DA:263,1
DA:264,3
DA:265,3
DA:270,11
DA:272,4
DA:275,4
DA:276,4
DA:279,11
DA:284,103
DA:285,103
DA:286,103
DA:287,0
DA:290,103
DA:291,103
DA:296,6
DA:297,6
DA:298,0
DA:299,6
DA:310,79
DA:311,79
DA:317,79
DA:319,13
DA:320,4
DA:321,4
DA:323,1
DA:324,2
DA:325,2
DA:326,2
DA:327,0
DA:328,0
DA:330,2
DA:333,9
DA:334,1
DA:336,8
DA:342,20
DA:346,1
DA:350,4
DA:354,4
DA:355,2
DA:356,4
DA:357,4
DA:358,4
DA:359,2
DA:365,1
DA:375,1
DA:381,3
DA:394,1
DA:401,3
DA:402,1
DA:404,2
DA:411,1
DA:428,13
DA:435,0
DA:445,0
DA:457,1
DA:468,0
DA:475,4
DA:476,4
DA:477,4
DA:479,4
DA:487,4
DA:488,3
DA:490,3
DA:492,0
DA:493,2
DA:503,3
DA:504,3
DA:505,3
DA:506,3
DA:507,3
DA:508,1
DA:510,2
DA:511,2
DA:514,1
DA:515,1
DA:532,1
DA:550,1
DA:563,1
DA:578,1
DA:592,1
DA:605,1
DA:620,1
DA:634,1
DA:647,1
DA:661,1
DA:672,1
DA:687,1
DA:704,1
DA:732,6
DA:733,6
DA:735,6
DA:736,6
DA:737,6
DA:738,1
DA:740,6
DA:741,6
DA:743,6
DA:748,6
DA:749,3
DA:750,3
DA:751,3
DA:752,3
DA:759,3
DA:760,1
DA:762,2
DA:769,3
DA:770,2
DA:796,1
DA:806,5
DA:807,5
DA:808,4
DA:811,1
DA:823,2
DA:827,2
DA:828,1
DA:839,1
DA:847,1
DA:848,1
DA:858,1
DA:864,1
DA:865,1
DA:876,1
DA:889,3
DA:893,1
DA:894,1
DA:906,1
DA:914,1
DA:915,1
DA:926,1
DA:940,1
DA:955,1
DA:979,1
DA:1003,1
DA:1031,1
DA:1055,1
DA:1079,1
DA:1091,1
DA:1097,2
DA:1098,2
DA:1099,2
DA:1100,2
DA:1101,2
DA:1102,2
DA:1103,2
DA:1104,2
DA:1105,2
DA:1112,1
DA:1113,1
DA:1114,1
DA:1115,1
DA:1116,1
DA:1117,1
DA:1118,1
DA:1119,1
DA:1127,2
DA:1128,2
DA:1129,2
DA:1130,2
DA:1141,0
DA:1151,0
DA:1159,0
DA:1167,0
DA:1174,2
DA:1175,2
DA:1176,2
DA:1177,2
DA:1178,2
DA:1179,1
DA:1182,2
DA:1183,2
DA:1184,2
DA:1186,2
DA:1187,3
DA:1188,3
DA:1190,1
DA:1191,1
DA:1195,2
DA:1196,2
DA:1197,2
DA:1198,1
DA:1205,2
DA:1206,1
DA:1207,1
DA:1208,1
DA:1215,2
DA:1216,1
DA:1217,1
DA:1221,2
DA:1225,0
DA:1228,0
DA:1230,0
DA:1231,0
DA:1232,0
DA:1234,0
DA:1235,0
DA:1239,0
DA:1242,0
DA:1243,0
DA:1244,0
DA:1245,0
DA:1246,0
DA:1251,0
DA:1252,0
DA:1254,0
DA:1255,0
DA:1256,0
DA:1260,0
DA:1281,1
DA:1299,1
DA:1324,1
DA:1325,1
DA:1327,1
DA:1335,1
DA:1337,1
DA:1344,12
DA:1351,1
DA:1352,1
DA:1353,1
DA:1354,1
DA:1363,1
DA:1372,1
DA:1383,1
DA:1397,1
DA:1411,1
DA:1421,4
DA:1427,1
DA:1436,1
DA:1453,1
DA:1454,1
DA:1455,1
DA:1456,1
DA:1457,1
DA:1458,1
DA:1459,1
DA:1469,1
DA:1470,1
DA:1471,1
DA:1472,1
DA:1473,1
DA:1474,1
DA:1475,1
DA:1476,1
DA:1477,1
DA:1478,1
DA:1479,1
DA:1486,1
DA:1493,0
DA:1498,0
DA:1506,0
DA:1513,15
DA:1518,0
DA:1526,0
DA:1534,0
DA:1535,0
DA:1543,0
DA:1550,0
DA:1561,0
DA:1568,0
DA:1575,0
DA:1582,0
DA:1583,0
DA:1584,0
DA:1588,0
DA:1589,0
DA:1595,1
DA:1599,1
DA:1605,0
DA:1615,0
DA:1622,0
DA:1626,0
DA:1630,0
DA:1636,0
DA:1645,15
DA:1649,0
DA:1653,0
DA:1657,0
DA:1661,0
DA:1665,0
DA:1669,0
DA:1673,0
DA:1677,0
DA:1681,0
DA:1685,0
DA:1689,0
DA:1693,0
DA:1700,0
DA:1716,0
DA:1717,0
DA:1718,0
DA:1719,0
DA:1720,0
DA:1721,0
DA:1731,0
DA:1749,0
DA:1760,0
DA:1769,0
DA:1781,0
DA:1793,1
DA:1794,1
DA:1795,1
DA:1796,1
DA:1797,1
DA:1798,1
DA:1802,0
DA:1806,1
DA:1807,1
DA:1808,1
DA:1809,1
DA:1810,1
DA:1811,1
DA:1812,1
DA:1813,1
DA:1814,1
DA:1815,0
DA:1816,0
DA:1819,0
DA:1821,1
DA:1825,0
DA:1832,0
DA:1833,0
DA:1834,0
DA:1835,0
DA:1836,0
DA:1837,0
DA:1838,0
DA:1841,0
DA:1843,0
DA:1847,0
DA:1857,1
DA:1868,1
DA:1879,10
DA:1880,2
DA:1881,2
DA:1882,1
DA:1883,1
DA:1884,1
DA:1885,10
DA:1895,1
DA:1912,1
DA:1931,0
DA:1943,1
DA:1955,1
DA:1967,1
LF:360
LH:263
BRDA:214,0,0,0
BRDA:214,0,1,8
BRDA:220,1,0,4
BRDA:220,1,1,4
BRDA:220,1,2,4
BRDA:220,1,3,4
BRDA:228,2,0,0
BRDA:228,2,1,4
BRDA:233,3,0,2
BRDA:233,3,1,0
BRDA:233,4,0,2
BRDA:233,4,1,2
BRDA:242,5,0,0
BRDA:242,5,1,0
BRDA:242,6,0,0
BRDA:242,6,1,0
BRDA:259,7,0,4
BRDA:259,7,1,10
BRDA:265,8,0,2
BRDA:265,8,1,1
BRDA:265,9,0,2
BRDA:265,9,1,0
BRDA:270,10,0,7
BRDA:270,10,1,4
BRDA:276,11,0,2
BRDA:276,11,1,2
BRDA:283,12,0,103
BRDA:286,13,0,0
BRDA:286,13,1,103
BRDA:290,14,0,103
BRDA:290,14,1,0
BRDA:297,15,0,6
BRDA:297,15,1,0
BRDA:298,16,0,0
BRDA:298,16,1,0
BRDA:308,17,0,79
BRDA:319,18,0,4
BRDA:319,18,1,9
BRDA:325,19,0,2
BRDA:325,19,1,0
BRDA:327,20,0,0
BRDA:327,20,1,0
BRDA:327,21,0,0
BRDA:327,21,1,0
BRDA:328,22,0,0
BRDA:328,22,1,0
BRDA:328,23,0,0
BRDA:328,23,1,0
BRDA:333,24,0,1
BRDA:333,24,1,8
BRDA:355,25,0,2
BRDA:355,25,1,1
BRDA:357,26,0,4
BRDA:357,26,1,1
BRDA:401,27,0,1
BRDA:401,27,1,2
BRDA:433,28,0,0
BRDA:455,29,0,1
BRDA:466,30,0,0
BRDA:473,31,0,4
BRDA:487,32,0,3
BRDA:487,32,1,1
BRDA:494,33,0,2
BRDA:494,33,1,0
BRDA:504,34,0,2
BRDA:504,34,1,0
BRDA:505,35,0,2
BRDA:505,35,1,0
BRDA:506,36,0,2
BRDA:506,36,1,0
BRDA:507,37,0,1
BRDA:507,37,1,2
BRDA:530,38,0,1
BRDA:719,39,0,6
BRDA:720,40,0,6
BRDA:736,41,0,1
BRDA:736,41,1,5
BRDA:737,42,0,1
BRDA:737,42,1,5
BRDA:737,43,0,6
BRDA:737,43,1,6
BRDA:741,44,0,2
BRDA:741,44,1,4
BRDA:748,45,0,3
BRDA:748,45,1,3
BRDA:752,46,0,3
BRDA:752,46,1,0
BRDA:759,47,0,1
BRDA:759,47,1,2
BRDA:759,48,0,3
BRDA:759,48,1,2
BRDA:765,49,0,2
BRDA:765,49,1,0
BRDA:807,50,0,4
BRDA:807,50,1,1
BRDA:807,51,0,5
BRDA:807,51,1,1
BRDA:1001,52,0,1
BRDA:1095,53,0,2
BRDA:1098,54,0,2
BRDA:1098,54,1,0
BRDA:1099,55,0,1
BRDA:1099,55,1,1
BRDA:1100,56,0,1
BRDA:1100,56,1,1
BRDA:1101,57,0,1
BRDA:1101,57,1,1
BRDA:1102,58,0,1
BRDA:1102,58,1,1
BRDA:1103,59,0,2
BRDA:1103,59,1,0
BRDA:1105,60,0,2
BRDA:1105,60,1,0
BRDA:1110,61,0,1
BRDA:1113,62,0,1
BRDA:1113,62,1,0
BRDA:1114,63,0,1
BRDA:1114,63,1,0
BRDA:1115,64,0,1
BRDA:1115,64,1,0
BRDA:1116,65,0,1
BRDA:1116,65,1,0
BRDA:1117,66,0,1
BRDA:1117,66,1,0
BRDA:1120,67,0,1
BRDA:1120,67,1,0
BRDA:1125,68,0,2
BRDA:1128,69,0,2
BRDA:1128,69,1,0
BRDA:1130,70,0,2
BRDA:1130,70,1,0
BRDA:1173,71,0,2
BRDA:1175,72,0,2
BRDA:1175,72,1,0
BRDA:1178,73,0,1
BRDA:1178,73,1,1
BRDA:1178,74,0,2
BRDA:1178,74,1,2
BRDA:1183,75,0,2
BRDA:1183,75,1,0
BRDA:1188,76,0,3
BRDA:1188,76,1,0
BRDA:1197,77,0,1
BRDA:1197,77,1,1
BRDA:1197,78,0,2
BRDA:1197,78,1,1
BRDA:1207,79,0,1
BRDA:1207,79,1,0
BRDA:1207,80,0,1
BRDA:1207,80,1,1
BRDA:1216,81,0,1
BRDA:1216,81,1,0
BRDA:1232,82,0,0
BRDA:1232,82,1,0
BRDA:1243,83,0,0
BRDA:1243,83,1,0
BRDA:1245,84,0,0
BRDA:1245,84,1,0
BRDA:1255,85,0,0
BRDA:1255,85,1,0
BRDA:1349,86,0,1
BRDA:1352,87,0,1
BRDA:1352,87,1,0
BRDA:1355,88,0,1
BRDA:1355,88,1,0
BRDA:1387,89,0,1
BRDA:1387,89,1,0
BRDA:1388,90,0,1
BRDA:1388,90,1,1
BRDA:1451,91,0,1
BRDA:1454,92,0,1
BRDA:1454,92,1,0
BRDA:1456,93,0,1
BRDA:1456,93,1,0
BRDA:1457,94,0,1
BRDA:1457,94,1,0
BRDA:1459,95,0,1
BRDA:1459,95,1,0
BRDA:1467,96,0,1
BRDA:1470,97,0,1
BRDA:1470,97,1,0
BRDA:1472,98,0,1
BRDA:1472,98,1,0
BRDA:1473,99,0,1
BRDA:1473,99,1,0
BRDA:1474,100,0,1
BRDA:1474,100,1,0
BRDA:1475,101,0,1
BRDA:1475,101,1,0
BRDA:1476,102,0,1
BRDA:1476,102,1,0
BRDA:1477,103,0,1
BRDA:1477,103,1,0
BRDA:1479,104,0,1
BRDA:1479,104,1,0
BRDA:1500,105,0,0
BRDA:1500,105,1,0
BRDA:1534,106,0,0
BRDA:1534,106,1,0
BRDA:1698,107,0,0
BRDA:1714,108,0,0
BRDA:1718,109,0,0
BRDA:1718,109,1,0
BRDA:1719,110,0,0
BRDA:1719,110,1,0
BRDA:1720,111,0,0
BRDA:1720,111,1,0
BRDA:1790,112,0,1
BRDA:1791,113,0,1
BRDA:1794,114,0,1
BRDA:1794,114,1,0
BRDA:1795,115,0,0
BRDA:1795,115,1,1
BRDA:1796,116,0,0
BRDA:1796,116,1,1
BRDA:1797,117,0,0
BRDA:1797,117,1,1
BRDA:1809,118,0,1
BRDA:1809,118,1,0
BRDA:1810,119,0,1
BRDA:1810,119,1,1
BRDA:1811,120,0,0
BRDA:1811,120,1,1
BRDA:1814,121,0,0
BRDA:1814,121,1,1
BRDA:1819,122,0,0
BRDA:1819,122,1,0
BRDA:1836,123,0,0
BRDA:1836,123,1,0
BRDA:1841,124,0,0
BRDA:1841,124,1,0
BRDA:1879,125,0,8
BRDA:1879,125,1,2
BRDA:1881,126,0,1
BRDA:1881,126,1,1
BRDA:1881,127,0,2
BRDA:1881,127,1,1
BRDA:1884,128,0,1
BRDA:1884,128,1,0
BRF:239
BRH:144
end_of_record
TN:
SF:src/router.tsx
FN:31,ConfigStatusLoader
FN:32,(anonymous_1)
FN:34,(anonymous_2)
FN:39,(anonymous_3)
FN:44,(anonymous_4)
FN:48,(anonymous_5)
FN:61,AuthGuard
FN:95,StudioWorkspace
FN:100,(anonymous_8)
FN:115,(anonymous_9)
FN:120,(anonymous_10)
FN:126,(anonymous_11)
FN:130,(anonymous_12)
FN:147,AppRoutes
FNF:14
FNH:14
FNDA:8,ConfigStatusLoader
FNDA:24,(anonymous_1)
FNDA:8,(anonymous_2)
FNDA:8,(anonymous_3)
FNDA:2,(anonymous_4)
FNDA:6,(anonymous_5)
FNDA:7,AuthGuard
FNDA:8,StudioWorkspace
FNDA:2,(anonymous_8)
FNDA:1,(anonymous_9)
FNDA:1,(anonymous_10)
FNDA:2,(anonymous_11)
FNDA:2,(anonymous_12)
FNDA:8,AppRoutes
DA:32,24
DA:34,8
DA:35,8
DA:36,6
DA:37,6
DA:39,6
DA:40,8
DA:41,8
DA:42,8
DA:43,3
DA:44,3
DA:47,6
DA:48,6
DA:49,6
DA:50,6
DA:54,8
DA:62,7
DA:63,7
DA:65,7
DA:66,0
DA:78,7
DA:84,2
DA:85,2
DA:88,5
DA:96,8
DA:97,8
DA:98,8
DA:100,8
DA:101,2
DA:102,2
DA:105,2
DA:106,2
DA:107,2
DA:108,2
DA:109,2
DA:110,2
DA:111,2
DA:113,2
DA:114,2
DA:116,1
DA:117,1
DA:122,1
DA:123,1
DA:127,2
DA:130,2
DA:131,2
DA:132,2
DA:136,8
DA:148,8
LF:49
LH:48
BRDA:35,0,0,2
BRDA:35,0,1,6
BRDA:41,1,0,0
BRDA:41,1,1,8
BRDA:42,2,0,3
BRDA:42,2,1,5
BRDA:42,3,0,8
BRDA:42,3,1,3
BRDA:50,4,0,1
BRDA:50,4,1,5
BRDA:65,5,0,0
BRDA:65,5,1,7
BRDA:78,6,0,2
BRDA:78,6,1,5
BRDA:97,7,0,8
BRDA:97,7,1,0
BRDA:101,8,0,0
BRDA:101,8,1,2
BRDA:116,9,0,1
BRDA:116,9,1,0
BRDA:117,10,0,1
BRDA:117,10,1,0
BRDA:122,11,0,1
BRDA:122,11,1,0
BRDA:127,12,0,2
BRDA:127,12,1,0
BRF:26
BRH:18
end_of_record
TN:
SF:src/components/canvas/StudioCanvasRouter.tsx
FN:30,resolveSegmentPrompt
FN:42,(anonymous_1)
FN:43,(anonymous_2)
FN:56,StudioCanvasRouter
FN:71,(anonymous_4)
FN:73,(anonymous_5)
FN:80,(anonymous_6)
FN:81,(anonymous_7)
FN:87,(anonymous_8)
FN:93,(anonymous_9)
FN:108,(anonymous_10)
FN:112,(anonymous_11)
FN:116,(anonymous_12)
FN:124,(anonymous_13)
FN:125,(anonymous_14)
FN:138,(anonymous_15)
FN:151,(anonymous_16)
FN:166,(anonymous_17)
FN:186,(anonymous_18)
FN:210,(anonymous_19)
FN:222,(anonymous_20)
FN:239,(anonymous_21)
FN:258,(anonymous_22)
FN:293,(anonymous_23)
FN:309,(anonymous_24)
FN:336,(anonymous_25)
FN:346,(anonymous_26)
FN:356,(anonymous_27)
FN:369,(anonymous_28)
FN:379,(anonymous_29)
FN:389,(anonymous_30)
FN:401,(anonymous_31)
FN:411,(anonymous_32)
FN:415,(anonymous_33)
FN:418,(anonymous_34)
FN:421,(anonymous_35)
FN:424,(anonymous_36)
FN:427,(anonymous_37)
FN:500,(anonymous_38)
FN:509,(anonymous_39)
FN:511,(anonymous_40)
FN:531,(anonymous_41)
FN:540,(anonymous_42)
FN:563,(anonymous_43)
FNF:44
FNH:35
FNDA:2,resolveSegmentPrompt
FNDA:2,(anonymous_1)
FNDA:0,(anonymous_2)
FNDA:18,StudioCanvasRouter
FNDA:14,(anonymous_4)
FNDA:0,(anonymous_5)
FNDA:14,(anonymous_6)
FNDA:14,(anonymous_7)
FNDA:14,(anonymous_8)
FNDA:14,(anonymous_9)
FNDA:0,(anonymous_10)
FNDA:13,(anonymous_11)
FNDA:13,(anonymous_12)
FNDA:52,(anonymous_13)
FNDA:14,(anonymous_14)
FNDA:14,(anonymous_15)
FNDA:14,(anonymous_16)
FNDA:2,(anonymous_17)
FNDA:1,(anonymous_18)
FNDA:2,(anonymous_19)
FNDA:1,(anonymous_20)
FNDA:1,(anonymous_21)
FNDA:1,(anonymous_22)
FNDA:2,(anonymous_23)
FNDA:0,(anonymous_24)
FNDA:1,(anonymous_25)
FNDA:1,(anonymous_26)
FNDA:0,(anonymous_27)
FNDA:1,(anonymous_28)
FNDA:1,(anonymous_29)
FNDA:0,(anonymous_30)
FNDA:1,(anonymous_31)
FNDA:0,(anonymous_32)
FNDA:2,(anonymous_33)
FNDA:1,(anonymous_34)
FNDA:1,(anonymous_35)
FNDA:1,(anonymous_36)
FNDA:1,(anonymous_37)
FNDA:1,(anonymous_38)
FNDA:6,(anonymous_39)
FNDA:6,(anonymous_40)
FNDA:0,(anonymous_41)
FNDA:0,(anonymous_42)
FNDA:2,(anonymous_43)
DA:36,2
DA:37,2
DA:38,2
DA:39,2
DA:41,2
DA:42,2
DA:43,0
DA:44,2
DA:57,18
DA:58,18
DA:60,18
DA:61,18
DA:64,18
DA:65,18
DA:66,18
DA:67,18
DA:71,18
DA:72,14
DA:73,14
DA:75,0
DA:76,0
DA:77,0
DA:78,0
DA:81,14
DA:87,18
DA:88,14
DA:89,14
DA:90,0
DA:93,18
DA:96,14
DA:98,0
DA:99,0
DA:101,14
DA:102,1
DA:103,1
DA:105,13
DA:106,13
DA:107,13
DA:109,0
DA:110,0
DA:113,13
DA:114,8
DA:116,13
DA:117,13
DA:121,18
DA:124,52
DA:125,18
DA:126,14
DA:127,14
DA:128,0
DA:133,0
DA:136,14
DA:138,18
DA:139,14
DA:140,14
DA:141,0
DA:146,0
DA:149,14
DA:151,18
DA:152,14
DA:153,14
DA:154,0
DA:159,0
DA:162,14
DA:166,18
DA:167,2
DA:168,2
DA:169,2
DA:170,2
DA:176,2
DA:177,1
DA:186,18
DA:192,1
DA:193,1
DA:195,1
DA:198,1
DA:199,1
DA:200,0
DA:202,1
DA:204,0
DA:206,1
DA:210,18
DA:211,2
DA:212,2
DA:213,2
DA:214,1
DA:215,1
DA:217,1
DA:218,1
DA:222,18
DA:223,1
DA:224,1
DA:225,1
DA:226,1
DA:227,1
DA:233,0
DA:235,1
DA:239,18
DA:240,1
DA:241,1
DA:242,1
DA:243,1
DA:244,1
DA:251,0
DA:253,1
DA:258,18
DA:266,1
DA:267,1
DA:268,1
DA:273,1
DA:274,1
DA:282,1
DA:287,1
DA:289,0
DA:293,18
DA:294,2
DA:295,2
DA:296,2
DA:301,1
DA:305,1
DA:309,18
DA:315,0
DA:316,0
DA:317,0
DA:319,0
DA:320,0
DA:323,0
DA:328,0
DA:330,0
DA:331,0
DA:336,18
DA:337,1
DA:338,1
DA:339,1
DA:340,0
DA:342,1
DA:346,18
DA:347,1
DA:348,1
DA:349,1
DA:350,0
DA:352,1
DA:356,18
DA:357,0
DA:358,0
DA:359,0
DA:360,0
DA:361,0
DA:363,0
DA:364,0
DA:369,18
DA:370,1
DA:371,1
DA:372,1
DA:373,0
DA:375,1
DA:379,18
DA:380,1
DA:381,1
DA:382,1
DA:383,0
DA:385,1
DA:389,18
DA:390,0
DA:391,0
DA:392,0
DA:393,0
DA:394,0
DA:396,0
DA:397,0
DA:401,18
DA:402,1
DA:403,1
DA:404,1
DA:405,0
DA:407,1
DA:411,18
DA:412,0
DA:415,18
DA:416,2
DA:418,18
DA:419,1
DA:421,18
DA:422,1
DA:424,18
DA:425,1
DA:427,18
DA:428,1
DA:431,18
DA:432,1
DA:439,17
DA:501,1
DA:510,6
DA:511,6
DA:512,6
DA:513,6
DA:514,6
DA:516,6
DA:518,6
DA:531,0
DA:540,0
DA:563,2
LF:202
LH:150
BRDA:36,0,0,2
BRDA:36,0,1,2
BRDA:37,1,0,0
BRDA:37,1,1,2
BRDA:39,2,0,0
BRDA:39,2,1,2
BRDA:41,3,0,2
BRDA:41,3,1,0
BRDA:46,4,0,2
BRDA:46,4,1,0
BRDA:47,5,0,2
BRDA:47,5,1,0
BRDA:75,6,0,0
BRDA:75,6,1,0
BRDA:78,7,0,0
BRDA:78,7,1,0
BRDA:88,8,0,14
BRDA:88,8,1,14
BRDA:89,9,0,14
BRDA:89,9,1,0
BRDA:96,10,0,0
BRDA:96,10,1,14
BRDA:101,11,0,1
BRDA:101,11,1,13
BRDA:109,12,0,0
BRDA:109,12,1,0
BRDA:113,13,0,5
BRDA:113,13,1,8
BRDA:121,14,0,18
BRDA:121,14,1,18
BRDA:128,15,0,0
BRDA:128,15,1,0
BRDA:129,16,0,0
BRDA:129,16,1,0
BRDA:129,16,2,0
BRDA:129,16,3,0
BRDA:141,17,0,0
BRDA:141,17,1,0
BRDA:142,18,0,0
BRDA:142,18,1,0
BRDA:142,18,2,0
BRDA:142,18,3,0
BRDA:154,19,0,0
BRDA:154,19,1,0
BRDA:155,20,0,0
BRDA:155,20,1,0
BRDA:155,20,2,0
BRDA:155,20,3,0
BRDA:166,21,0,2
BRDA:167,22,0,0
BRDA:167,22,1,2
BRDA:173,23,0,2
BRDA:173,23,1,0
BRDA:176,24,0,1
BRDA:176,24,1,1
BRDA:192,25,0,0
BRDA:192,25,1,1
BRDA:193,26,0,1
BRDA:193,26,1,0
BRDA:195,27,0,1
BRDA:195,27,1,0
BRDA:199,28,0,0
BRDA:199,28,1,1
BRDA:200,29,0,0
BRDA:200,29,1,0
BRDA:211,30,0,0
BRDA:211,30,1,2
BRDA:223,31,0,0
BRDA:223,31,1,1
BRDA:223,32,0,1
BRDA:223,32,1,1
BRDA:225,33,0,0
BRDA:225,33,1,1
BRDA:240,34,0,0
BRDA:240,34,1,1
BRDA:240,35,0,1
BRDA:240,35,1,1
BRDA:242,36,0,0
BRDA:242,36,1,1
BRDA:266,37,0,0
BRDA:266,37,1,1
BRDA:273,38,0,1
BRDA:273,38,1,0
BRDA:283,39,0,1
BRDA:283,39,1,0
BRDA:294,40,0,0
BRDA:294,40,1,2
BRDA:299,41,0,2
BRDA:299,41,1,0
BRDA:315,42,0,0
BRDA:315,42,1,0
BRDA:319,43,0,0
BRDA:319,43,1,0
BRDA:324,44,0,0
BRDA:324,44,1,0
BRDA:337,45,0,0
BRDA:337,45,1,1
BRDA:347,46,0,0
BRDA:347,46,1,1
BRDA:349,47,0,1
BRDA:349,47,1,0
BRDA:357,48,0,0
BRDA:357,48,1,0
BRDA:370,49,0,0
BRDA:370,49,1,1
BRDA:380,50,0,0
BRDA:380,50,1,1
BRDA:382,51,0,1
BRDA:382,51,1,0
BRDA:390,52,0,0
BRDA:390,52,1,0
BRDA:402,53,0,0
BRDA:402,53,1,1
BRDA:431,54,0,1
BRDA:431,54,1,17
BRDA:463,55,0,17
BRDA:463,55,1,0
BRDA:476,56,0,18
BRDA:476,56,1,0
BRDA:489,57,0,18
BRDA:489,57,1,0
BRDA:513,58,0,6
BRDA:513,58,1,0
BRDA:513,59,0,6
BRDA:513,59,1,0
BRDA:516,60,0,6
BRDA:516,60,1,6
BRDA:521,61,0,0
BRDA:521,61,1,6
BRDA:534,62,0,1
BRDA:534,62,1,5
BRDA:544,63,0,1
BRDA:544,63,1,0
BRDA:567,64,0,5
BRDA:567,64,1,0
BRF:135
BRH:61
end_of_record
TN:
SF:src/components/pages/ProjectsPage.tsx
FN:117,hashHue
FN:125,asProjectStatus
FN:129,projectActivityScore
FN:139,pickFeaturedProject
FN:152,styleLabelOf
FN:158,getGreetingKey
FN:174,Poster
FN:176,(anonymous_7)
FN:244,PhasePill
FN:268,episodeDotColor
FN:282,EpisodeStrip
FN:286,(anonymous_11)
FN:302,gradientProgressStyles
FN:335,ProjectCard
FN:340,(anonymous_14)
FN:342,onPointerDown
FN:347,onKey
FN:355,(anonymous_17)
FN:420,(anonymous_18)
FN:473,(anonymous_19)
FN:476,(anonymous_20)
FN:494,(anonymous_21)
FN:522,NowEditingCard
FN:635,(anonymous_23)
FN:680,PlaceholderTile
FN:731,(anonymous_25)
FN:739,(anonymous_26)
FN:758,NewProjectTile
FN:784,TopBar
FN:833,(anonymous_29)
FN:935,HeroStrip
FN:937,(anonymous_31)
FN:938,(anonymous_32)
FN:1024,(anonymous_33)
FN:1065,FilterPills
FN:1088,(anonymous_35)
FN:1094,(anonymous_36)
FN:1126,ProjectsPage
FN:1153,(anonymous_38)
FN:1156,(anonymous_39)
FN:1167,(anonymous_40)
FN:1177,(anonymous_41)
FN:1181,(anonymous_42)
FN:1182,handler
FN:1189,(anonymous_44)
FN:1192,(anonymous_45)
FN:1199,(anonymous_46)
FN:1272,(anonymous_47)
FN:1293,(anonymous_48)
FN:1310,(anonymous_49)
FN:1335,(anonymous_50)
FN:1341,(anonymous_51)
FN:1343,(anonymous_52)
FN:1354,(anonymous_53)
FN:1358,(anonymous_54)
FN:1361,(anonymous_55)
FN:1381,(anonymous_56)
FN:1382,(anonymous_57)
FN:1383,(anonymous_58)
FN:1384,(anonymous_59)
FN:1388,(anonymous_60)
FN:1422,(anonymous_61)
FN:1451,(anonymous_62)
FN:1474,(anonymous_63)
FN:1481,(anonymous_64)
FN:1484,(anonymous_65)
FN:1496,(anonymous_66)
FN:1497,(anonymous_67)
FN:1536,(anonymous_68)
FN:1545,(anonymous_69)
FN:1563,(anonymous_70)
FN:1574,ConflictDialog
FN:1635,(anonymous_72)
FN:1651,(anonymous_73)
FNF:74
FNH:53
FNDA:5,hashHue
FNDA:28,asProjectStatus
FNDA:5,projectActivityScore
FNDA:19,pickFeaturedProject
FNDA:5,styleLabelOf
FNDA:9,getGreetingKey
FNDA:8,Poster
FNDA:5,(anonymous_7)
FNDA:8,PhasePill
FNDA:5,episodeDotColor
FNDA:5,EpisodeStrip
FNDA:5,(anonymous_11)
FNDA:8,gradientProgressStyles
FNDA:5,ProjectCard
FNDA:2,(anonymous_14)
FNDA:0,onPointerDown
FNDA:0,onKey
FNDA:0,(anonymous_17)
FNDA:20,(anonymous_18)
FNDA:0,(anonymous_19)
FNDA:0,(anonymous_20)
FNDA:0,(anonymous_21)
FNDA:3,NowEditingCard
FNDA:9,(anonymous_23)
FNDA:29,PlaceholderTile
FNDA:232,(anonymous_25)
FNDA:116,(anonymous_26)
FNDA:29,NewProjectTile
FNDA:40,TopBar
FNDA:0,(anonymous_29)
FNDA:40,HeroStrip
FNDA:9,(anonymous_31)
FNDA:9,(anonymous_32)
FNDA:160,(anonymous_33)
FNDA:8,FilterPills
FNDA:48,(anonymous_35)
FNDA:0,(anonymous_36)
FNDA:40,ProjectsPage
FNDA:120,(anonymous_38)
FNDA:9,(anonymous_39)
FNDA:11,(anonymous_40)
FNDA:9,(anonymous_41)
FNDA:9,(anonymous_42)
FNDA:1,handler
FNDA:9,(anonymous_44)
FNDA:3,(anonymous_45)
FNDA:4,(anonymous_46)
FNDA:0,(anonymous_47)
FNDA:19,(anonymous_48)
FNDA:19,(anonymous_49)
FNDA:19,(anonymous_50)
FNDA:19,(anonymous_51)
FNDA:5,(anonymous_52)
FNDA:19,(anonymous_53)
FNDA:19,(anonymous_54)
FNDA:3,(anonymous_55)
FNDA:0,(anonymous_56)
FNDA:1,(anonymous_57)
FNDA:0,(anonymous_58)
FNDA:0,(anonymous_59)
FNDA:0,(anonymous_60)
FNDA:0,(anonymous_61)
FNDA:0,(anonymous_62)
FNDA:5,(anonymous_63)
FNDA:0,(anonymous_64)
FNDA:0,(anonymous_65)
FNDA:1,(anonymous_66)
FNDA:0,(anonymous_67)
FNDA:1,(anonymous_68)
FNDA:0,(anonymous_69)
FNDA:0,(anonymous_70)
FNDA:2,ConflictDialog
FNDA:0,(anonymous_72)
FNDA:1,(anonymous_73)
DA:69,1
DA:97,1
DA:102,1
DA:104,1
DA:109,1
DA:118,5
DA:119,5
DA:120,29
DA:122,5
DA:126,28
DA:130,5
DA:131,5
DA:132,5
DA:133,3
DA:135,2
DA:136,0
DA:140,19
DA:141,19
DA:142,19
DA:143,5
DA:144,5
DA:145,5
DA:146,5
DA:149,19
DA:153,5
DA:154,4
DA:155,3
DA:159,9
DA:160,9
DA:161,9
DA:162,9
DA:163,0
DA:175,8
DA:176,8
DA:177,8
DA:178,8
DA:179,8
DA:245,8
DA:246,8
DA:247,8
DA:272,5
DA:273,5
DA:274,5
DA:275,0
DA:276,0
DA:278,0
DA:279,0
DA:283,5
DA:284,5
DA:287,5
DA:288,5
DA:306,8
DA:307,8
DA:308,5
DA:316,3
DA:336,5
DA:337,5
DA:338,5
DA:340,5
DA:341,2
DA:343,0
DA:344,0
DA:345,0
DA:348,0
DA:349,0
DA:350,0
DA:353,0
DA:354,0
DA:355,0
DA:356,0
DA:357,0
DA:361,5
DA:362,5
DA:363,5
DA:364,5
DA:365,5
DA:366,5
DA:367,5
DA:369,5
DA:370,5
DA:372,5
DA:376,5
DA:421,20
DA:474,0
DA:475,0
DA:476,0
DA:495,0
DA:496,0
DA:497,0
DA:498,0
DA:523,3
DA:524,3
DA:525,3
DA:526,3
DA:528,3
DA:529,3
DA:530,3
DA:531,3
DA:533,3
DA:537,3
DA:636,9
DA:681,29
DA:732,232
DA:740,116
DA:759,29
DA:796,40
DA:797,40
DA:833,0
DA:916,1
DA:936,40
DA:937,40
DA:938,40
DA:944,40
DA:945,3
DA:946,37
DA:947,5
DA:949,32
DA:952,40
DA:959,40
DA:986,40
DA:1025,160
DA:1066,8
DA:1075,8
DA:1089,48
DA:1090,48
DA:1094,0
DA:1127,40
DA:1128,40
DA:1135,40
DA:1138,40
DA:1139,40
DA:1140,40
DA:1144,40
DA:1146,40
DA:1147,40
DA:1148,40
DA:1149,40
DA:1150,40
DA:1151,40
DA:1152,40
DA:1153,120
DA:1155,40
DA:1156,9
DA:1167,40
DA:1168,11
DA:1169,11
DA:1170,11
DA:1171,10
DA:1173,10
DA:1177,40
DA:1178,9
DA:1181,40
DA:1183,1
DA:1184,0
DA:1185,0
DA:1188,9
DA:1189,9
DA:1192,40
DA:1193,3
DA:1194,3
DA:1195,3
DA:1196,3
DA:1199,40
DA:1200,4
DA:1201,4
DA:1202,4
DA:1203,2
DA:1204,2
DA:1205,2
DA:1206,2
DA:1208,2
DA:1209,2
DA:1210,2
DA:1211,2
DA:1212,1
DA:1231,1
DA:1240,1
DA:1242,1
DA:1244,2
DA:1250,2
DA:1255,1
DA:1256,1
DA:1257,1
DA:1260,1
DA:1261,1
DA:1263,0
DA:1268,4
DA:1272,40
DA:1273,0
DA:1274,0
DA:1275,0
DA:1276,0
DA:1277,0
DA:1278,0
DA:1279,0
DA:1281,0
DA:1288,0
DA:1289,0
DA:1293,40
DA:1294,19
DA:1302,19
DA:1303,5
DA:1304,5
DA:1305,5
DA:1307,19
DA:1310,40
DA:1311,19
DA:1312,19
DA:1313,19
DA:1314,19
DA:1315,19
DA:1316,19
DA:1317,5
DA:1318,5
DA:1319,5
DA:1320,2
DA:1321,0
DA:1322,5
DA:1323,5
DA:1325,19
DA:1335,40
DA:1336,19
DA:1337,19
DA:1338,19
DA:1341,40
DA:1342,19
DA:1343,19
DA:1344,5
DA:1345,5
DA:1346,0
DA:1348,5
DA:1349,0
DA:1350,5
DA:1354,40
DA:1356,40
DA:1358,40
DA:1360,19
DA:1361,3
DA:1366,40
DA:1381,0
DA:1382,1
DA:1383,0
DA:1385,0
DA:1386,0
DA:1388,0
DA:1422,0
DA:1452,0
DA:1453,0
DA:1475,5
DA:1481,0
DA:1484,0
DA:1496,1
DA:1498,0
DA:1499,0
DA:1538,1
DA:1539,1
DA:1540,1
DA:1545,0
DA:1564,0
DA:1585,2
DA:1586,2
DA:1635,0
DA:1651,1
LF:263
LH:206
BRDA:126,0,0,28
BRDA:126,0,1,0
BRDA:126,1,0,28
BRDA:126,1,1,28
BRDA:131,2,0,0
BRDA:131,2,1,5
BRDA:132,3,0,3
BRDA:132,3,1,2
BRDA:132,4,0,5
BRDA:132,4,1,3
BRDA:135,5,0,2
BRDA:135,5,1,0
BRDA:144,6,0,5
BRDA:144,6,1,0
BRDA:149,7,0,3
BRDA:149,7,1,16
BRDA:153,8,0,1
BRDA:153,8,1,4
BRDA:154,9,0,1
BRDA:154,9,1,3
BRDA:158,10,0,9
BRDA:160,11,0,0
BRDA:160,11,1,9
BRDA:160,12,0,9
BRDA:160,12,1,9
BRDA:161,13,0,0
BRDA:161,13,1,9
BRDA:161,14,0,9
BRDA:161,14,1,9
BRDA:162,15,0,9
BRDA:162,15,1,0
BRDA:162,16,0,9
BRDA:162,16,1,9
BRDA:174,17,0,8
BRDA:177,18,0,3
BRDA:177,18,1,5
BRDA:178,19,0,3
BRDA:178,19,1,5
BRDA:190,20,0,0
BRDA:190,20,1,8
BRDA:226,21,0,3
BRDA:226,21,1,5
BRDA:245,22,0,8
BRDA:245,22,1,0
BRDA:254,23,0,3
BRDA:254,23,1,5
BRDA:274,24,0,5
BRDA:274,24,1,0
BRDA:275,25,0,0
BRDA:275,25,1,0
BRDA:278,26,0,0
BRDA:278,26,1,0
BRDA:283,27,0,0
BRDA:283,27,1,5
BRDA:307,28,0,5
BRDA:307,28,1,3
BRDA:341,29,0,2
BRDA:341,29,1,0
BRDA:344,30,0,0
BRDA:344,30,1,0
BRDA:344,31,0,0
BRDA:344,31,1,0
BRDA:348,32,0,0
BRDA:348,32,1,0
BRDA:362,33,0,5
BRDA:362,33,1,0
BRDA:363,34,0,5
BRDA:363,34,1,0
BRDA:364,35,0,5
BRDA:364,35,1,0
BRDA:365,36,0,5
BRDA:365,36,1,0
BRDA:366,37,0,5
BRDA:366,37,1,0
BRDA:367,38,0,5
BRDA:367,38,1,0
BRDA:369,39,0,5
BRDA:369,39,1,0
BRDA:373,40,0,5
BRDA:373,40,1,0
BRDA:381,41,0,5
BRDA:381,41,1,0
BRDA:425,42,0,15
BRDA:425,42,1,5
BRDA:433,43,0,20
BRDA:433,43,1,5
BRDA:452,44,0,5
BRDA:452,44,1,0
BRDA:480,45,0,0
BRDA:480,45,1,5
BRDA:487,46,0,0
BRDA:487,46,1,5
BRDA:524,47,0,3
BRDA:524,47,1,0
BRDA:525,48,0,3
BRDA:525,48,1,0
BRDA:526,49,0,3
BRDA:526,49,1,0
BRDA:528,50,0,3
BRDA:528,50,1,0
BRDA:529,51,0,3
BRDA:529,51,1,0
BRDA:530,52,0,3
BRDA:530,52,1,0
BRDA:531,53,0,3
BRDA:531,53,1,0
BRDA:534,54,0,0
BRDA:534,54,1,3
BRDA:619,55,0,3
BRDA:619,55,1,0
BRDA:627,56,0,3
BRDA:627,56,1,1
BRDA:628,57,0,3
BRDA:628,57,1,2
BRDA:632,58,0,3
BRDA:632,58,1,2
BRDA:659,59,0,0
BRDA:659,59,1,3
BRDA:686,60,0,29
BRDA:686,60,1,29
BRDA:742,61,0,87
BRDA:742,61,1,29
BRDA:867,62,0,8
BRDA:867,62,1,32
BRDA:872,63,0,8
BRDA:872,63,1,32
BRDA:901,64,0,0
BRDA:901,64,1,40
BRDA:939,65,0,9
BRDA:939,65,1,0
BRDA:944,66,0,3
BRDA:944,66,1,37
BRDA:946,67,0,5
BRDA:946,67,1,32
BRDA:952,68,0,32
BRDA:952,68,1,8
BRDA:1029,69,0,120
BRDA:1029,69,1,40
BRDA:1098,70,0,8
BRDA:1098,70,1,40
BRDA:1107,71,0,8
BRDA:1107,71,1,40
BRDA:1183,72,0,0
BRDA:1183,72,1,1
BRDA:1183,73,0,1
BRDA:1183,73,1,1
BRDA:1183,73,2,0
BRDA:1194,74,0,0
BRDA:1194,74,1,3
BRDA:1199,75,0,4
BRDA:1211,76,0,1
BRDA:1211,76,1,1
BRDA:1211,77,0,2
BRDA:1211,77,1,1
BRDA:1215,78,0,1
BRDA:1215,78,1,0
BRDA:1250,79,0,1
BRDA:1250,79,1,1
BRDA:1251,80,0,2
BRDA:1251,80,1,1
BRDA:1251,80,2,1
BRDA:1260,81,0,1
BRDA:1260,81,1,0
BRDA:1273,82,0,0
BRDA:1273,82,1,0
BRDA:1274,83,0,0
BRDA:1274,83,1,0
BRDA:1305,84,0,5
BRDA:1305,84,1,0
BRDA:1318,85,0,0
BRDA:1318,85,1,5
BRDA:1319,86,0,3
BRDA:1319,86,1,2
BRDA:1320,87,0,2
BRDA:1320,87,1,0
BRDA:1345,88,0,0
BRDA:1345,88,1,5
BRDA:1346,89,0,0
BRDA:1346,89,1,0
BRDA:1346,90,0,0
BRDA:1346,90,1,0
BRDA:1348,91,0,5
BRDA:1348,91,1,0
BRDA:1349,92,0,0
BRDA:1349,92,1,0
BRDA:1350,93,0,5
BRDA:1350,93,1,0
BRDA:1356,94,0,40
BRDA:1356,94,1,0
BRDA:1356,95,0,40
BRDA:1356,95,1,40
BRDA:1360,96,0,3
BRDA:1360,96,1,16
BRDA:1404,97,0,8
BRDA:1404,97,1,32
BRDA:1415,98,0,11
BRDA:1415,98,1,29
BRDA:1420,99,0,21
BRDA:1420,99,1,8
BRDA:1426,100,0,3
BRDA:1426,100,1,5
BRDA:1438,101,0,3
BRDA:1438,101,1,0
BRDA:1445,102,0,0
BRDA:1445,102,1,8
BRDA:1478,103,0,5
BRDA:1478,103,1,0
BRDA:1492,104,0,40
BRDA:1492,104,1,2
BRDA:1492,104,2,2
BRDA:1504,105,0,40
BRDA:1504,105,1,2
BRDA:1507,106,0,1
BRDA:1507,106,1,1
BRDA:1512,107,0,1
BRDA:1512,107,1,1
BRDA:1538,108,0,1
BRDA:1538,108,1,0
BRDA:1540,109,0,1
BRDA:1540,109,1,0
BRDA:1545,110,0,40
BRDA:1545,110,1,0
BRDA:1546,111,0,40
BRDA:1546,111,1,1
BRDA:1553,112,0,0
BRDA:1553,112,1,40
BRDA:1555,113,0,0
BRDA:1555,113,1,0
BRDA:1564,114,0,0
BRDA:1564,114,1,0
BRDA:1646,115,0,2
BRDA:1646,115,1,1
BRDA:1662,116,0,2
BRDA:1662,116,1,1
BRF:234
BRH:155
end_of_record
TN:
SF:src/hooks/useScrollTarget.ts
FN:20,useScrollTarget
FN:24,(anonymous_1)
FN:25,(anonymous_2)
FN:26,(anonymous_3)
FN:32,(anonymous_4)
FN:33,(anonymous_5)
FN:49,(anonymous_6)
FN:69,(anonymous_7)
FN:95,(anonymous_8)
FN:109,(anonymous_9)
FNF:10
FNH:10
FNDA:17,useScrollTarget
FNDA:66,(anonymous_1)
FNDA:66,(anonymous_2)
FNDA:66,(anonymous_3)
FNDA:10,(anonymous_4)
FNDA:10,(anonymous_5)
FNDA:16,(anonymous_6)
FNDA:63,(anonymous_7)
FNDA:1,(anonymous_8)
FNDA:3,(anonymous_9)
DA:24,66
DA:25,66
DA:26,66
DA:27,17
DA:28,17
DA:29,17
DA:30,17
DA:32,17
DA:33,10
DA:34,10
DA:35,1
DA:36,1
DA:38,10
DA:39,0
DA:40,0
DA:42,10
DA:43,1
DA:44,1
DA:49,17
DA:50,16
DA:51,3
DA:52,3
DA:53,3
DA:54,3
DA:56,3
DA:57,0
DA:58,0
DA:60,3
DA:61,0
DA:62,0
DA:64,3
DA:65,0
DA:66,0
DA:69,3
DA:70,63
DA:71,63
DA:72,63
DA:74,63
DA:75,63
DA:76,61
DA:77,0
DA:79,61
DA:80,1
DA:81,1
DA:82,1
DA:84,60
DA:85,60
DA:88,2
DA:90,2
DA:91,2
DA:92,2
DA:93,2
DA:94,2
DA:95,2
DA:96,1
DA:97,1
DA:98,1
DA:100,1
DA:104,2
DA:107,3
DA:109,3
DA:110,3
DA:111,3
DA:112,1
DA:113,1
LF:65
LH:56
BRDA:34,0,0,1
BRDA:34,0,1,9
BRDA:38,1,0,0
BRDA:38,1,1,10
BRDA:42,2,0,1
BRDA:42,2,1,9
BRDA:50,3,0,13
BRDA:50,3,1,3
BRDA:50,4,0,16
BRDA:50,4,1,3
BRDA:56,5,0,0
BRDA:56,5,1,3
BRDA:60,6,0,0
BRDA:60,6,1,3
BRDA:64,7,0,0
BRDA:64,7,1,3
BRDA:70,8,0,0
BRDA:70,8,1,63
BRDA:72,9,0,0
BRDA:72,9,1,63
BRDA:72,10,0,63
BRDA:72,10,1,63
BRDA:75,11,0,61
BRDA:75,11,1,2
BRDA:76,12,0,0
BRDA:76,12,1,61
BRDA:76,13,0,61
BRDA:76,13,1,61
BRDA:79,14,0,1
BRDA:79,14,1,60
BRDA:90,15,0,2
BRDA:90,15,1,0
BRDA:97,16,0,1
BRDA:97,16,1,0
BRDA:111,17,0,1
BRDA:111,17,1,2
BRF:36
BRH:27
end_of_record
TN:
SF:src/hooks/useTasksSSE.ts
FN:15,useTasksSSE
FN:19,(anonymous_1)
FN:22,poll
FN:45,(anonymous_3)
FN:49,(anonymous_4)
FNF:5
FNH:5
FNDA:11,useTasksSSE
FNDA:4,(anonymous_1)
FNDA:7,poll
FNDA:3,(anonymous_3)
FNDA:4,(anonymous_4)
DA:6,1
DA:16,11
DA:17,11
DA:19,11
DA:20,4
DA:23,7
DA:24,7
DA:31,5
DA:32,5
DA:33,5
DA:34,5
DA:36,2
DA:37,2
DA:42,4
DA:45,4
DA:46,3
DA:49,4
DA:50,4
DA:51,4
DA:52,4
DA:53,4
DA:55,4
LF:22
LH:22
BRDA:26,0,0,7
BRDA:26,0,1,0
BRDA:29,1,0,7
BRDA:29,1,1,0
BRDA:31,2,0,0
BRDA:31,2,1,5
BRDA:36,3,0,0
BRDA:36,3,1,2
BRDA:46,4,0,3
BRDA:46,4,1,0
BRDA:51,5,0,4
BRDA:51,5,1,0
BRF:12
BRH:6
end_of_record
TN:
SF:src/stores/app-store.ts
FN:28,clampAssistantPanelWidth
FN:36,readPersistedAssistantPanelWidth
FN:131,buildWorkspaceNotification
FN:144,(anonymous_3)
FN:146,(anonymous_4)
FN:149,(anonymous_5)
FN:161,(anonymous_6)
FN:162,(anonymous_7)
FN:169,(anonymous_8)
FN:173,(anonymous_9)
FN:177,(anonymous_10)
FN:178,(anonymous_11)
FN:185,(anonymous_12)
FN:187,(anonymous_13)
FN:188,(anonymous_14)
FN:194,(anonymous_15)
FN:195,(anonymous_16)
FN:196,(anonymous_17)
FN:200,(anonymous_18)
FN:201,(anonymous_19)
FN:202,(anonymous_20)
FN:206,(anonymous_21)
FN:207,(anonymous_22)
FN:208,(anonymous_23)
FN:210,(anonymous_24)
FN:213,(anonymous_25)
FN:214,(anonymous_26)
FN:215,(anonymous_27)
FN:217,(anonymous_28)
FN:219,(anonymous_29)
FN:232,(anonymous_30)
FN:235,(anonymous_31)
FN:235,(anonymous_32)
FN:238,(anonymous_33)
FN:238,(anonymous_34)
FN:241,(anonymous_35)
FN:242,(anonymous_36)
FN:254,(anonymous_37)
FN:255,(anonymous_38)
FN:262,(anonymous_39)
FNF:40
FNH:32
FNDA:0,clampAssistantPanelWidth
FNDA:25,readPersistedAssistantPanelWidth
FNDA:23,buildWorkspaceNotification
FNDA:25,(anonymous_3)
FNDA:1,(anonymous_4)
FNDA:9,(anonymous_5)
FNDA:21,(anonymous_6)
FNDA:21,(anonymous_7)
FNDA:8,(anonymous_8)
FNDA:32,(anonymous_9)
FNDA:16,(anonymous_10)
FNDA:16,(anonymous_11)
FNDA:2,(anonymous_12)
FNDA:7,(anonymous_13)
FNDA:7,(anonymous_14)
FNDA:1,(anonymous_15)
FNDA:1,(anonymous_16)
FNDA:1,(anonymous_17)
FNDA:0,(anonymous_18)
FNDA:0,(anonymous_19)
FNDA:0,(anonymous_20)
FNDA:1,(anonymous_21)
FNDA:1,(anonymous_22)
FNDA:1,(anonymous_23)
FNDA:14,(anonymous_24)
FNDA:1,(anonymous_25)
FNDA:1,(anonymous_26)
FNDA:1,(anonymous_27)
FNDA:0,(anonymous_28)
FNDA:0,(anonymous_29)
FNDA:1,(anonymous_30)
FNDA:4,(anonymous_31)
FNDA:4,(anonymous_32)
FNDA:0,(anonymous_33)
FNDA:0,(anonymous_34)
FNDA:9,(anonymous_35)
FNDA:9,(anonymous_36)
FNDA:1,(anonymous_37)
FNDA:1,(anonymous_38)
FNDA:39,(anonymous_39)
DA:21,25
DA:23,25
DA:24,25
DA:25,25
DA:26,25
DA:29,0
DA:30,0
DA:37,25
DA:38,25
DA:39,25
DA:40,25
DA:41,0
DA:42,0
DA:43,0
DA:45,0
DA:129,25
DA:134,23
DA:144,25
DA:146,1
DA:150,9
DA:162,21
DA:163,21
DA:164,21
DA:166,0
DA:170,8
DA:174,32
DA:178,16
DA:185,2
DA:188,7
DA:195,1
DA:197,1
DA:201,0
DA:203,0
DA:207,1
DA:208,1
DA:210,14
DA:214,1
DA:215,1
DA:218,0
DA:220,0
DA:221,0
DA:222,0
DA:223,0
DA:232,1
DA:235,4
DA:238,0
DA:242,9
DA:243,9
DA:244,9
DA:245,0
DA:248,9
DA:249,9
DA:250,12
DA:252,9
DA:255,1
DA:263,39
DA:264,39
LF:57
LH:41
BRDA:29,0,0,0
BRDA:29,0,1,0
BRDA:37,1,0,0
BRDA:37,1,1,25
BRDA:40,2,0,25
BRDA:40,2,1,0
BRDA:42,3,0,0
BRDA:42,3,1,0
BRDA:137,4,0,23
BRDA:137,4,1,7
BRDA:139,5,0,23
BRDA:139,5,1,23
BRDA:140,6,0,23
BRDA:140,6,1,8
BRDA:152,7,0,9
BRDA:152,7,1,9
BRDA:155,8,0,9
BRDA:155,8,1,0
BRDA:157,9,0,9
BRDA:157,9,1,7
BRDA:158,10,0,9
BRDA:158,10,1,5
BRDA:163,11,0,21
BRDA:163,11,1,0
BRDA:163,12,0,21
BRDA:163,12,1,7
BRDA:173,13,0,32
BRDA:177,14,0,16
BRDA:181,15,0,16
BRDA:181,15,1,8
BRDA:197,16,0,1
BRDA:197,16,1,0
BRDA:203,17,0,0
BRDA:203,17,1,0
BRDA:220,18,0,0
BRDA:220,18,1,0
BRDA:244,19,0,0
BRDA:244,19,1,9
BRDA:250,20,0,12
BRDA:250,20,1,12
BRDA:259,21,0,1
BRDA:259,21,1,1
BRDA:265,22,0,39
BRDA:265,22,1,33
BRDA:266,23,0,39
BRDA:266,23,1,37
BRF:46
BRH:32
end_of_record
TN:
SF:src/stores/assets-store.ts
FN:13,(anonymous_0)
FN:15,(anonymous_1)
FN:17,(anonymous_2)
FN:19,(anonymous_3)
FN:20,(anonymous_4)
FN:23,(anonymous_5)
FN:24,(anonymous_6)
FN:27,(anonymous_7)
FN:30,(anonymous_8)
FN:32,(anonymous_9)
FN:33,(anonymous_10)
FNF:11
FNH:6
FNDA:5,(anonymous_0)
FNDA:15,(anonymous_1)
FNDA:15,(anonymous_2)
FNDA:0,(anonymous_3)
FNDA:0,(anonymous_4)
FNDA:0,(anonymous_5)
FNDA:0,(anonymous_6)
FNDA:0,(anonymous_7)
FNDA:1,(anonymous_8)
FNDA:1,(anonymous_9)
FNDA:1,(anonymous_10)
DA:13,5
DA:16,15
DA:17,15
DA:20,0
DA:24,0
DA:27,0
DA:31,1
DA:32,1
DA:33,1
LF:9
LH:6
BRDA:27,0,0,0
BRDA:27,0,1,0
BRF:2
BRH:0
end_of_record
TN:
SF:src/stores/assistant-store.ts
FN:60,(anonymous_0)
FN:80,(anonymous_1)
FN:81,(anonymous_2)
FN:82,(anonymous_3)
FN:83,(anonymous_4)
FN:84,(anonymous_5)
FN:85,(anonymous_6)
FN:86,(anonymous_7)
FN:87,(anonymous_8)
FN:88,(anonymous_9)
FN:89,(anonymous_10)
FN:90,(anonymous_11)
FN:91,(anonymous_12)
FN:92,(anonymous_13)
FN:93,(anonymous_14)
FN:94,(anonymous_15)
FN:95,(anonymous_16)
FN:96,(anonymous_17)
FN:97,(anonymous_18)
FNF:19
FNH:19
FNDA:6,(anonymous_0)
FNDA:12,(anonymous_1)
FNDA:15,(anonymous_2)
FNDA:1,(anonymous_3)
FNDA:23,(anonymous_4)
FNDA:18,(anonymous_5)
FNDA:23,(anonymous_6)
FNDA:1,(anonymous_7)
FNDA:20,(anonymous_8)
FNDA:1,(anonymous_9)
FNDA:9,(anonymous_10)
FNDA:22,(anonymous_11)
FNDA:1,(anonymous_12)
FNDA:22,(anonymous_13)
FNDA:23,(anonymous_14)
FNDA:10,(anonymous_15)
FNDA:1,(anonymous_16)
FNDA:1,(anonymous_17)
FNDA:6,(anonymous_18)
DA:60,6
DA:80,12
DA:81,15
DA:82,1
DA:83,23
DA:84,18
DA:85,23
DA:86,1
DA:87,20
DA:88,1
DA:89,9
DA:90,22
DA:91,1
DA:92,22
DA:93,23
DA:94,10
DA:95,1
DA:96,1
DA:97,6
LF:19
LH:19
BRF:0
BRH:0
end_of_record
TN:
SF:src/stores/auth-store.ts
FN:15,(anonymous_0)
FN:21,(anonymous_1)
FN:31,(anonymous_2)
FN:33,(anonymous_3)
FN:48,(anonymous_4)
FN:51,(anonymous_5)
FN:57,(anonymous_6)
FN:62,(anonymous_7)
FN:67,(anonymous_8)
FNF:9
FNH:2
FNDA:3,(anonymous_0)
FNDA:0,(anonymous_1)
FNDA:0,(anonymous_2)
FNDA:0,(anonymous_3)
FNDA:0,(anonymous_4)
FNDA:0,(anonymous_5)
FNDA:4,(anonymous_6)
FNDA:0,(anonymous_7)
FNDA:0,(anonymous_8)
DA:15,3
DA:22,0
DA:23,0
DA:24,0
DA:25,0
DA:30,0
DA:31,0
DA:32,0
DA:34,0
DA:35,0
DA:36,0
DA:41,0
DA:43,0
DA:44,0
DA:45,0
DA:49,0
DA:52,0
DA:53,0
DA:58,4
DA:59,4
DA:63,0
DA:64,0
DA:67,0
LF:23
LH:3
BRDA:23,0,0,0
BRDA:23,0,1,0
BRDA:34,1,0,0
BRDA:34,1,1,0
BRDA:36,2,0,0
BRDA:36,2,1,0
BRDA:37,3,0,0
BRDA:37,3,1,0
BRDA:37,3,2,0
BRDA:44,4,0,0
BRDA:44,4,1,0
BRF:11
BRH:0
end_of_record
TN:
SF:src/stores/config-status-store.ts
FN:15,getConfigIssues
FN:36,(anonymous_1)
FN:45,(anonymous_2)
FN:47,(anonymous_3)
FN:51,(anonymous_4)
FN:52,(anonymous_5)
FN:96,(anonymous_6)
FN:101,(anonymous_7)
FN:126,(anonymous_8)
FN:132,(anonymous_9)
FN:140,(anonymous_10)
FNF:11
FNH:9
FNDA:25,getConfigIssues
FNDA:16,(anonymous_1)
FNDA:48,(anonymous_2)
FNDA:39,(anonymous_3)
FNDA:0,(anonymous_4)
FNDA:0,(anonymous_5)
FNDA:6,(anonymous_6)
FNDA:24,(anonymous_7)
FNDA:28,(anonymous_8)
FNDA:25,(anonymous_9)
FNDA:24,(anonymous_10)
DA:16,25
DA:18,25
DA:24,16
DA:27,16
DA:28,3
DA:36,16
DA:40,16
DA:41,0
DA:43,16
DA:45,16
DA:47,48
DA:48,48
DA:51,9
DA:52,0
DA:56,16
DA:57,3
DA:63,16
DA:64,3
DA:70,16
DA:71,3
DA:78,16
DA:96,6
DA:99,6
DA:101,6
DA:103,24
DA:104,25
DA:105,25
DA:106,25
DA:107,16
DA:112,25
DA:113,24
DA:114,24
DA:119,6
DA:127,28
DA:129,23
DA:136,25
DA:137,1
DA:138,1
DA:140,24
DA:141,24
DA:143,24
LF:41
LH:39
BRDA:27,0,0,3
BRDA:27,0,1,13
BRDA:40,1,0,0
BRDA:40,1,1,16
BRDA:48,2,0,39
BRDA:48,2,1,9
BRDA:52,3,0,0
BRDA:52,3,1,0
BRDA:56,4,0,3
BRDA:56,4,1,13
BRDA:63,5,0,3
BRDA:63,5,1,13
BRDA:70,6,0,3
BRDA:70,6,1,13
BRDA:112,7,0,24
BRDA:112,7,1,1
BRDA:127,8,0,5
BRDA:127,8,1,23
BRDA:129,9,0,23
BRDA:129,9,1,23
BRDA:136,10,0,1
BRDA:136,10,1,24
BRF:22
BRH:19
end_of_record
TN:
SF:src/stores/cost-store.ts
FN:23,buildIndexes
FN:41,(anonymous_1)
FN:48,(anonymous_2)
FN:62,(anonymous_3)
FN:64,(anonymous_4)
FN:70,(anonymous_5)
FN:82,(anonymous_6)
FN:86,(anonymous_7)
FNF:8
FNH:3
FNDA:0,buildIndexes
FNDA:4,(anonymous_1)
FNDA:0,(anonymous_2)
FNDA:8,(anonymous_3)
FNDA:0,(anonymous_4)
FNDA:0,(anonymous_5)
FNDA:15,(anonymous_6)
FNDA:0,(anonymous_7)
DA:27,0
DA:28,0
DA:29,0
DA:30,0
DA:31,0
DA:32,0
DA:35,0
DA:38,4
DA:39,4
DA:41,4
DA:49,0
DA:50,0
DA:51,0
DA:52,0
DA:54,0
DA:55,0
DA:57,0
DA:58,0
DA:63,8
DA:64,8
DA:65,0
DA:66,0
DA:71,0
DA:72,0
DA:73,0
DA:83,15
DA:87,0
LF:27
LH:6
BRDA:54,0,0,0
BRDA:54,0,1,0
BRDA:57,1,0,0
BRDA:57,1,1,0
BRDA:63,2,0,6
BRDA:63,2,1,2
BRDA:71,3,0,0
BRDA:71,3,1,0
BRF:8
BRH:2
end_of_record
TN:
SF:src/stores/endpoint-catalog-store.ts
FN:32,deriveMaps
FN:50,(anonymous_1)
FN:58,(anonymous_2)
FN:63,(anonymous_3)
FNF:4
FNH:4
FNDA:17,deriveMaps
FNDA:12,(anonymous_1)
FNDA:28,(anonymous_2)
FNDA:18,(anonymous_3)
DA:37,17
DA:38,17
DA:39,17
DA:40,17
DA:41,63
DA:42,63
DA:43,63
DA:44,51
DA:47,17
DA:50,12
DA:59,28
DA:60,17
DA:64,18
DA:65,18
DA:66,18
DA:67,18
DA:68,17
DA:69,17
DA:79,1
LF:19
LH:19
BRDA:43,0,0,51
BRDA:43,0,1,12
BRDA:59,1,0,11
BRDA:59,1,1,17
BRDA:59,2,0,28
BRDA:59,2,1,17
BRDA:64,3,0,0
BRDA:64,3,1,18
BRF:8
BRH:7
end_of_record
TN:
SF:src/stores/index.ts
FNF:0
FNH:0
LF:0
LH:0
BRF:0
BRH:0
end_of_record
TN:
SF:src/stores/projects-store.ts
FN:38,(anonymous_0)
FN:49,(anonymous_1)
FN:50,(anonymous_2)
FN:51,(anonymous_3)
FN:52,(anonymous_4)
FN:58,(anonymous_5)
FN:59,(anonymous_6)
FN:60,(anonymous_7)
FN:61,(anonymous_8)
FN:62,(anonymous_9)
FN:63,(anonymous_10)
FNF:11
FNH:11
FNDA:20,(anonymous_0)
FNDA:11,(anonymous_1)
FNDA:22,(anonymous_2)
FNDA:21,(anonymous_3)
FNDA:21,(anonymous_4)
FNDA:5,(anonymous_5)
FNDA:5,(anonymous_6)
FNDA:1,(anonymous_7)
FNDA:4,(anonymous_8)
FNDA:4,(anonymous_9)
FNDA:55,(anonymous_10)
DA:38,20
DA:49,11
DA:50,22
DA:52,21
DA:58,5
DA:59,5
DA:60,1
DA:62,4
DA:63,55
LF:9
LH:9
BRDA:55,0,0,21
BRDA:55,0,1,8
BRDA:56,1,0,21
BRDA:56,1,1,20
BRDA:63,2,0,55
BRDA:63,2,1,50
BRF:6
BRH:6
end_of_record
TN:
SF:src/stores/reference-video-store.ts
FN:25,referenceVideoCacheKey
FN:45,(anonymous_1)
FN:51,(anonymous_2)
FN:55,(anonymous_3)
FN:64,(anonymous_4)
FN:66,(anonymous_5)
FN:77,(anonymous_6)
FN:79,(anonymous_7)
FN:85,(anonymous_8)
FN:92,(anonymous_9)
FN:94,(anonymous_10)
FN:98,(anonymous_11)
FN:104,(anonymous_12)
FN:106,(anonymous_13)
FN:111,(anonymous_14)
FN:115,(anonymous_15)
FNF:16
FNH:16
FNDA:249,referenceVideoCacheKey
FNDA:3,(anonymous_1)
FNDA:17,(anonymous_2)
FNDA:16,(anonymous_3)
FNDA:2,(anonymous_4)
FNDA:2,(anonymous_5)
FNDA:1,(anonymous_6)
FNDA:1,(anonymous_7)
FNDA:1,(anonymous_8)
FNDA:1,(anonymous_9)
FNDA:1,(anonymous_10)
FNDA:2,(anonymous_11)
FNDA:1,(anonymous_12)
FNDA:1,(anonymous_13)
FNDA:1,(anonymous_14)
FNDA:16,(anonymous_15)
DA:26,249
DA:45,3
DA:52,17
DA:53,17
DA:54,17
DA:55,16
DA:60,1
DA:65,2
DA:66,2
DA:67,2
DA:68,2
DA:69,2
DA:74,2
DA:78,1
DA:79,1
DA:80,1
DA:81,1
DA:82,1
DA:85,1
DA:89,1
DA:93,1
DA:94,1
DA:95,1
DA:96,1
DA:97,1
DA:98,2
DA:105,1
DA:106,1
DA:112,1
DA:115,16
LF:30
LH:30
BRDA:68,0,0,2
BRDA:68,0,1,1
BRDA:81,1,0,1
BRDA:81,1,1,0
BRDA:85,2,0,1
BRDA:85,2,1,0
BRDA:96,3,0,1
BRDA:96,3,1,0
BRDA:99,4,0,1
BRDA:99,4,1,0
BRF:10
BRH:6
end_of_record
TN:
SF:src/stores/tasks-store.ts
FN:20,(anonymous_0)
FN:25,(anonymous_1)
FN:26,(anonymous_2)
FN:27,(anonymous_3)
FN:28,(anonymous_4)
FN:36,(anonymous_5)
FN:37,(anonymous_6)
FNF:7
FNH:7
FNDA:7,(anonymous_0)
FNDA:5,(anonymous_1)
FNDA:3,(anonymous_2)
FNDA:3,(anonymous_3)
FNDA:2,(anonymous_4)
FNDA:6,(anonymous_5)
FNDA:12,(anonymous_6)
DA:16,7
DA:20,7
DA:25,5
DA:27,3
DA:28,3
DA:29,3
DA:30,1
DA:31,1
DA:32,1
DA:34,2
DA:36,6
DA:37,12
LF:12
LH:12
BRDA:29,0,0,1
BRDA:29,0,1,2
BRF:2
BRH:2
end_of_record
TN:
SF:src/stores/usage-store.ts
FN:59,(anonymous_0)
FN:69,(anonymous_1)
FN:70,(anonymous_2)
FN:71,(anonymous_3)
FN:72,(anonymous_4)
FN:73,(anonymous_5)
FN:74,(anonymous_6)
FNF:7
FNH:7
FNDA:2,(anonymous_0)
FNDA:1,(anonymous_1)
FNDA:1,(anonymous_2)
FNDA:6,(anonymous_3)
FNDA:1,(anonymous_4)
FNDA:1,(anonymous_5)
FNDA:1,(anonymous_6)
DA:59,2
DA:69,1
DA:70,1
DA:71,6
DA:72,1
DA:73,1
DA:74,1
LF:7
LH:7
BRF:0
BRH:0
end_of_record
